<ns0:test-suite xmlns:ns0="urn:model.allure.qatools.yandex.ru" start="1590373196710" stop="1590373196930">
  <name>test_001</name>
  <labels/>
  <test-cases>
    <test-case start="1590373196710" status="passed" stop="1590373196730">
      <name>Test_001.test_001_1</name>
      <attachments/>
      <labels>
        <label name="severity" value="blocker"/>
        <label name="thread" value="1156-MainThread"/>
        <label name="host" value="CZL"/>
        <label name="framework" value="pytest"/>
        <label name="language" value="cpython3"/>
      </labels>
      <steps>
        <step start="1590373196730" status="passed" stop="1590373196730">
          <name>这是一个测试步骤01</name>
          <title>这是一个测试步骤01</title>
          <attachments>
            <attachment source="0d7e08fc-d3d7-4d80-b12b-e1f71c84f5d4-attachment.txt" title="标题" type="text/plain"/>
          </attachments>
          <steps/>
        </step>
      </steps>
    </test-case>
    <test-case start="1590373196750" status="failed" stop="1590373196910">
      <name>Test_001.test_001_2</name>
      <failure>
        <message>AssertionError: assert False</message>
        <stack-trace>self = &lt;test_001.Test_001 object at 0x000001AD9FC511C8&gt;

    @pytest.allure.severity(pytest.allure.severity_level.CRITICAL)
    @allure.step(title="这是一个测试步骤02")
    def test_001_2(self):
        allure.attach("用户名", "张三")
        allure.attach("密码", "123456")
        print("---&gt;test_001_2")
&gt;       assert False
E       assert False

scripts\test_001.py:20: AssertionError</stack-trace>
      </failure>
      <attachments/>
      <labels>
        <label name="severity" value="critical"/>
        <label name="thread" value="1156-MainThread"/>
        <label name="host" value="CZL"/>
        <label name="framework" value="pytest"/>
        <label name="language" value="cpython3"/>
      </labels>
      <steps>
        <step start="1590373196750" status="failed" stop="1590373196770">
          <name>这是一个测试步骤02</name>
          <title>这是一个测试步骤02</title>
          <attachments>
            <attachment source="5bac9f26-b0c8-4d35-a357-526d6a19d154-attachment.txt" title="用户名" type="text/plain"/>
            <attachment source="d6879820-f921-4106-9a05-847e20f66efe-attachment.txt" title="密码" type="text/plain"/>
          </attachments>
          <steps/>
        </step>
      </steps>
    </test-case>
    <test-case start="1590373196910" status="passed" stop="1590373196920">
      <name>Test_001.test_001_3</name>
      <attachments/>
      <labels>
        <label name="severity" value="normal"/>
        <label name="thread" value="1156-MainThread"/>
        <label name="host" value="CZL"/>
        <label name="framework" value="pytest"/>
        <label name="language" value="cpython3"/>
      </labels>
      <steps>
        <step start="1590373196920" status="passed" stop="1590373196920">
          <name>这是一个测试步骤03</name>
          <title>这是一个测试步骤03</title>
          <attachments/>
          <steps/>
        </step>
      </steps>
    </test-case>
    <test-case start="1590373196920" status="passed" stop="1590373196920">
      <name>Test_001.test_001_4</name>
      <attachments/>
      <labels>
        <label name="severity" value="minor"/>
        <label name="thread" value="1156-MainThread"/>
        <label name="host" value="CZL"/>
        <label name="framework" value="pytest"/>
        <label name="language" value="cpython3"/>
      </labels>
      <steps>
        <step start="1590373196920" status="passed" stop="1590373196920">
          <name>这是一个测试步骤04</name>
          <title>这是一个测试步骤04</title>
          <attachments/>
          <steps/>
        </step>
      </steps>
    </test-case>
    <test-case start="1590373196920" status="passed" stop="1590373196930">
      <name>Test_001.test_001_5</name>
      <attachments/>
      <labels>
        <label name="severity" value="trivial"/>
        <label name="thread" value="1156-MainThread"/>
        <label name="host" value="CZL"/>
        <label name="framework" value="pytest"/>
        <label name="language" value="cpython3"/>
      </labels>
      <steps>
        <step start="1590373196920" status="passed" stop="1590373196920">
          <name>这是一个测试步骤05</name>
          <title>这是一个测试步骤05</title>
          <attachments/>
          <steps/>
        </step>
      </steps>
    </test-case>
  </test-cases>
</ns0:test-suite>
